
Showing logs for build [32mmeta-cb-kubecd-environment-pr-5-ldjcs-1[0m stage [32mmeta-pipeline[0m and container [32mstep-credential-initializer-n9ffl[0m
{"level":"warn","ts":1567511713.0367024,"logger":"fallback-logger","caller":"logging/config.go:69","msg":"Fetch GitHub commit ID from kodata failed: \"ref: refs/heads/master\" is not a valid GitHub commit ID"}
{"level":"info","ts":1567511713.037248,"logger":"fallback-logger","caller":"creds-init/main.go:40","msg":"Credentials initialized."}

Showing logs for build [32mmeta-cb-kubecd-environment-pr-5-ldjcs-1[0m stage [32mmeta-pipeline[0m and container [32mstep-working-dir-initializer-lb9fq[0m
{"level":"warn","ts":1567511714.0149868,"logger":"fallback-logger","caller":"logging/config.go:69","msg":"Fetch GitHub commit ID from kodata failed: open /var/run/ko/HEAD: no such file or directory"}
{"level":"info","ts":1567511714.016506,"logger":"fallback-logger","caller":"bash/main.go:65","msg":"Successfully executed command \"mkdir -p /workspace/source\""}

Showing logs for build [32mmeta-cb-kubecd-environment-pr-5-ldjcs-1[0m stage [32mmeta-pipeline[0m and container [32mstep-place-tools[0m

Showing logs for build [32mmeta-cb-kubecd-environment-pr-5-ldjcs-1[0m stage [32mmeta-pipeline[0m and container [32mstep-git-source-meta-cb-kubecd-environment-pr-5-45vwh[0m
{"level":"warn","ts":1567511719.0675046,"logger":"fallback-logger","caller":"logging/config.go:69","msg":"Fetch GitHub commit ID from kodata failed: \"ref: refs/heads/master\" is not a valid GitHub commit ID"}
{"level":"info","ts":1567511719.6303978,"logger":"fallback-logger","caller":"git/git.go:102","msg":"Successfully cloned https://github.com/cb-kubecd/environment-pr-5308-7-tekton-gkebdd-production.git @ 2f4bbc9d5dd864159ecc0c3a0dcbc00f5db3796b in path /workspace/source"}

Showing logs for build [32mmeta-cb-kubecd-environment-pr-5-ldjcs-1[0m stage [32mmeta-pipeline[0m and container [32mstep-git-merge[0m
Using SHAs from PULL_REFS=master:2f4bbc9d5dd864159ecc0c3a0dcbc00f5db3796b,1:c10740385585718f436014beedfa6785ab30ef07
DEBUG: ran git fetch --unshallow origin c10740385585718f436014beedfa6785ab30ef07: 2f4bbc9d5dd864159ecc0c3a0dcbc00f5db3796b: in 
DEBUG: ran git checkout master in 
DEBUG: ran git reset --hard 2f4bbc9d5dd864159ecc0c3a0dcbc00f5db3796b in 
DEBUG: ran clean --force -d . in 
DEBUG: ran git merge c10740385585718f436014beedfa6785ab30ef07 in 
Merged SHA c10740385585718f436014beedfa6785ab30ef07 with commit message 'chore: Promote bdd-spring-1567511038 to version 0.0.1' into base branch master

Showing logs for build [32mmeta-cb-kubecd-environment-pr-5-ldjcs-1[0m stage [32mmeta-pipeline[0m and container [32mstep-merge-pull-refs[0m
DEBUG: ran git fetch origin c10740385585718f436014beedfa6785ab30ef07: 2f4bbc9d5dd864159ecc0c3a0dcbc00f5db3796b: in 
DEBUG: Unshallowed git repo in 
DEBUG: ran git checkout master in 
DEBUG: ran git reset --hard 2f4bbc9d5dd864159ecc0c3a0dcbc00f5db3796b in 
DEBUG: ran clean --force -d . in 
DEBUG: ran git merge c10740385585718f436014beedfa6785ab30ef07 in 
Merged SHA c10740385585718f436014beedfa6785ab30ef07 with commit message 'chore: Promote bdd-spring-1567511038 to version 0.0.1' into base branch master

Showing logs for build [32mmeta-cb-kubecd-environment-pr-5-ldjcs-1[0m stage [32mmeta-pipeline[0m and container [32mstep-create-effective-pipeline[0m
Deleting and cloning the Jenkins X versions repo
Cloning the Jenkins X versions repo https://github.com/jenkins-x/jenkins-x-versions.git with ref refs/heads/master to /builder/home/.**/jenkins-x-versions
selected pack: /builder/home/.**/draft/packs/github.com/jenkins-x-buildpacks/jenkins-x-kubernetes/packs/environment
Effective pipeline written to jenkins-x-promotion-build-effective.yml

Showing logs for build [32mmeta-cb-kubecd-environment-pr-5-ldjcs-1[0m stage [32mmeta-pipeline[0m and container [32mstep-create-tekton-crds[0m
PipelineActivity for cb-kubecd-environment-pr-5308-7-tekton-gkebdd-production-PR-1-1
Applying changes 
upserted PipelineResource cb-kubecd-environment-pr-5308-7 for the git repository https://github.com/cb-kubecd/environment-pr-5308-7-tekton-gkebdd-production.git
upserted Task cb-kubecd-environment-pr-5308-7-92px2-from-build-pack-1
upserted Pipeline cb-kubecd-environment-pr-5308-7-92px2-1
created PipelineRun cb-kubecd-environment-pr-5308-7-92px2-1
created PipelineStructure cb-kubecd-environment-pr-5308-7-92px2-1

waiting for stage [32mfrom-build-pack[0m : container [32mstep-credential-initializer-wfplw[0m to start...


Showing logs for build [32mmeta-cb-kubecd-environment-pr-5-ldjcs-1[0m stage [32mfrom-build-pack[0m and container [32mstep-credential-initializer-wfplw[0m
{"level":"warn","ts":1567511734.1539586,"logger":"fallback-logger","caller":"logging/config.go:69","msg":"Fetch GitHub commit ID from kodata failed: \"ref: refs/heads/master\" is not a valid GitHub commit ID"}
{"level":"info","ts":1567511734.1559486,"logger":"fallback-logger","caller":"creds-init/main.go:40","msg":"Credentials initialized."}

waiting for stage [32mfrom-build-pack[0m : container [32mstep-working-dir-initializer-xwq6r[0m to start...


Showing logs for build [32mmeta-cb-kubecd-environment-pr-5-ldjcs-1[0m stage [32mfrom-build-pack[0m and container [32mstep-working-dir-initializer-xwq6r[0m
{"level":"warn","ts":1567511736.625595,"logger":"fallback-logger","caller":"logging/config.go:69","msg":"Fetch GitHub commit ID from kodata failed: open /var/run/ko/HEAD: no such file or directory"}
{"level":"info","ts":1567511736.6268077,"logger":"fallback-logger","caller":"bash/main.go:65","msg":"Successfully executed command \"mkdir -p /workspace/source /workspace/source/env\""}

waiting for stage [32mfrom-build-pack[0m : container [32mstep-place-tools[0m to start...


Showing logs for build [32mmeta-cb-kubecd-environment-pr-5-ldjcs-1[0m stage [32mfrom-build-pack[0m and container [32mstep-place-tools[0m

waiting for stage [32mfrom-build-pack[0m : container [32mstep-git-source-cb-kubecd-environment-pr-5308-7-rg9sd[0m to start...


Showing logs for build [32mmeta-cb-kubecd-environment-pr-5-ldjcs-1[0m stage [32mfrom-build-pack[0m and container [32mstep-git-source-cb-kubecd-environment-pr-5308-7-rg9sd[0m
{"level":"warn","ts":1567511853.6344802,"logger":"fallback-logger","caller":"logging/config.go:69","msg":"Fetch GitHub commit ID from kodata failed: \"ref: refs/heads/master\" is not a valid GitHub commit ID"}
{"level":"info","ts":1567511854.2027266,"logger":"fallback-logger","caller":"git/git.go:102","msg":"Successfully cloned https://github.com/cb-kubecd/environment-pr-5308-7-tekton-gkebdd-production.git @ master in path /workspace/source"}

waiting for stage [32mfrom-build-pack[0m : container [32mstep-git-merge[0m to start...


Showing logs for build [32mmeta-cb-kubecd-environment-pr-5-ldjcs-1[0m stage [32mfrom-build-pack[0m and container [32mstep-git-merge[0m
Using SHAs from PULL_REFS=master:2f4bbc9d5dd864159ecc0c3a0dcbc00f5db3796b,1:c10740385585718f436014beedfa6785ab30ef07
DEBUG: ran git fetch origin c10740385585718f436014beedfa6785ab30ef07: 2f4bbc9d5dd864159ecc0c3a0dcbc00f5db3796b: in 
DEBUG: Unshallowed git repo in 
DEBUG: ran git checkout master in 
DEBUG: ran git reset --hard 2f4bbc9d5dd864159ecc0c3a0dcbc00f5db3796b in 
DEBUG: ran clean --force -d . in 
DEBUG: ran git merge c10740385585718f436014beedfa6785ab30ef07 in 
Merged SHA c10740385585718f436014beedfa6785ab30ef07 with commit message 'chore: Promote bdd-spring-1567511038 to version 0.0.1' into base branch master

waiting for stage [32mfrom-build-pack[0m : container [32mstep-build-helm-build[0m to start...


Showing logs for build [32mmeta-cb-kubecd-environment-pr-5-ldjcs-1[0m stage [32mfrom-build-pack[0m and container [32mstep-build-helm-build[0m
WARNING: No $CHART_REPOSITORY defined so using the default value of: http://jenkins-x-chartmuseum:8080
Adding missing Helm repo: storage.googleapis.com https://storage.googleapis.com/chartmuseum.jenkins-x.io
Successfully added Helm repository storage.googleapis.com.
Adding missing Helm repo: jenkins-x-chartmuseum http://jenkins-x-chartmuseum:8080
Successfully added Helm repository jenkins-x-chartmuseum.
WARNING: No $CHART_REPOSITORY defined so using the default value of: http://jenkins-x-chartmuseum:8080
Adding missing Helm repo: chartmuseum.jenkins-x.io http://chartmuseum.jenkins-x.io
Successfully added Helm repository chartmuseum.jenkins-x.io.
